<?xml version="1.0" encoding="UTF-8"?>
<!-- Generated by org.testng.reporters.JUnitReportReporter -->
<testsuite hostname="LTIN452093" failures="0" tests="2" name="Tests.NavigationTest" time="68.218" errors="0" timestamp="2025-06-08T20:57:57 IST" skipped="0">
  <testcase classname="Tests.NavigationTest" name="testNavigateToSolutionsPage" time="31.609"/>
  <testcase classname="Tests.NavigationTest" name="testNavigateToProductsPage" time="36.609"/>
</testsuite> <!-- Tests.NavigationTest -->
