<?xml version="1.0" encoding="UTF-8"?>
<!-- Generated by org.testng.reporters.JUnitReportReporter -->
<testsuite hostname="LTIN452093" failures="0" tests="1" name="testing.loginTest" time="0.841" errors="0" timestamp="2025-07-08T19:03:32 IST" skipped="0">
  <testcase classname="testing.loginTest" name="first" time="0.841"/>
</testsuite> <!-- testing.loginTest -->
