<?xml version="1.0" encoding="UTF-8"?>
<!-- Generated by org.testng.reporters.JUnitReportReporter -->
<testsuite hostname="LTIN452093" failures="0" tests="1" name="Tests.FormInteractionTest" time="18.583" errors="0" timestamp="2025-06-08T18:37:29 IST" skipped="0">
  <testcase classname="Tests.FormInteractionTest" name="testEnterTextInDemoForm" time="18.583"/>
</testsuite> <!-- Tests.FormInteractionTest -->
