<?xml version="1.0" encoding="UTF-8"?>
<!-- Generated by org.testng.reporters.JUnitReportReporter -->
<testsuite hostname="LTIN452093" failures="0" tests="1" name="Tests.Form_Filling_Test" time="24.034" errors="0" timestamp="2025-06-09T15:12:42 IST" skipped="0">
  <testcase classname="Tests.Form_Filling_Test" name="testEnterTextInDemoForm" time="24.034"/>
</testsuite> <!-- Tests.Form_Filling_Test -->
