<?xml version="1.0" encoding="UTF-8"?>
<!-- Generated by org.testng.reporters.JUnitReportReporter -->
<testsuite hostname="LTIN452093" failures="0" tests="2" name="Tests.NavigationTest" time="52.921" errors="0" timestamp="2025-06-10T12:30:41 IST" skipped="0">
  <testcase classname="Tests.NavigationTest" name="testNavigateToProductsPage" time="24.013"/>
  <testcase classname="Tests.NavigationTest" name="testNavigateToSolutionsPage" time="28.908"/>
</testsuite> <!-- Tests.NavigationTest -->
