<?xml version="1.0" encoding="UTF-8"?>
<!-- Generated by org.testng.reporters.JUnitReportReporter -->
<testsuite hostname="LTIN452093" failures="0" tests="1" name="testing.loginTest" time="3.605" errors="0" timestamp="2025-06-25T18:21:53 IST" skipped="0">
  <testcase classname="testing.loginTest" name="first" time="3.605"/>
</testsuite> <!-- testing.loginTest -->
