<?xml version="1.0" encoding="UTF-8"?>
<!-- Generated by org.testng.reporters.JUnitReportReporter -->
<testsuite hostname="LTIN452093" failures="0" tests="2" name="Tests.NavigationTest" time="51.253" errors="0" timestamp="2025-06-09T15:12:42 IST" skipped="0">
  <testcase classname="Tests.NavigationTest" name="testNavigateToSolutionsPage" time="25.618"/>
  <testcase classname="Tests.NavigationTest" name="testNavigateToProductsPage" time="25.635"/>
</testsuite> <!-- Tests.NavigationTest -->
