<?xml version="1.0" encoding="UTF-8"?>
<!-- Generated by org.testng.reporters.JUnitReportReporter -->
<testsuite hostname="LTIN452093" failures="0" tests="1" name="testing.a" time="0.516" errors="0" timestamp="2025-06-24T13:53:34 IST" skipped="0">
  <testcase classname="testing.a" name="first" time="0.516"/>
</testsuite> <!-- testing.a -->
