<?xml version="1.0" encoding="UTF-8"?>
<!-- Generated by org.testng.reporters.JUnitReportReporter -->
<testsuite hostname="LTIN452093" failures="0" tests="2" name="Tests.NavigationTest" time="50.304" errors="0" timestamp="2025-06-25T23:35:34 IST" skipped="0">
  <testcase classname="Tests.NavigationTest" name="testNavigateToProductsPage" time="25.538"/>
  <testcase classname="Tests.NavigationTest" name="testNavigateToSolutionsPage" time="24.766"/>
</testsuite> <!-- Tests.NavigationTest -->
